This file contains any messages produced by compilers while
running configure, to aid debugging if configure makes a mistake.

It was created by libogg configure 1.3.3, which was
generated by GNU Autoconf 2.69.  Invocation command line was

  $ ./configure --prefix=/home/ian/source/CCOSS/external/linux/libogg-1.3.3/install --enable-shared=no

## --------- ##
## Platform. ##
## --------- ##

hostname = arch
uname -m = x86_64
uname -r = 5.1.15-arch1-1-ARCH
uname -s = Linux
uname -v = #1 SMP PREEMPT Tue Jun 25 04:49:39 UTC 2019

/usr/bin/uname -p = unknown
/bin/uname -X     = unknown

/bin/arch              = unknown
/usr/bin/arch -k       = unknown
/usr/convex/getsysinfo = unknown
/usr/bin/hostinfo      = unknown
/bin/machine           = unknown
/usr/bin/oslevel       = unknown
/bin/universe          = unknown

PATH: /home/ian/.local/bin/luna-studio
PATH: /home/ian/.local/bin/luna-studio
PATH: /usr/local/sbin
PATH: /usr/local/bin
PATH: /usr/bin
PATH: /usr/lib/jvm/default/bin
PATH: /usr/bin/site_perl
PATH: /usr/bin/vendor_perl
PATH: /usr/bin/core_perl


## ----------- ##
## Core tests. ##
## ----------- ##

configure:2462: checking for a BSD-compatible install
configure:2530: result: /usr/bin/install -c
configure:2541: checking whether build environment is sane
configure:2596: result: yes
configure:2745: checking for a thread-safe mkdir -p
configure:2784: result: /usr/bin/mkdir -p
configure:2791: checking for gawk
configure:2807: found /usr/bin/gawk
configure:2818: result: gawk
configure:2829: checking whether make sets $(MAKE)
configure:2851: result: yes
configure:2880: checking whether make supports nested variables
configure:2897: result: yes
configure:3024: checking whether to enable maintainer-specific portions of Makefiles
configure:3033: result: yes
configure:3103: checking for gcc
configure:3119: found /usr/bin/gcc
configure:3130: result: gcc
configure:3359: checking for C compiler version
configure:3368: gcc --version >&5
gcc (GCC) 9.1.0
Copyright (C) 2019 Free Software Foundation, Inc.
This is free software; see the source for copying conditions.  There is NO
warranty; not even for MERCHANTABILITY or FITNESS FOR A PARTICULAR PURPOSE.

configure:3379: $? = 0
configure:3368: gcc -v >&5
Using built-in specs.
COLLECT_GCC=gcc
COLLECT_LTO_WRAPPER=/usr/lib/gcc/x86_64-pc-linux-gnu/9.1.0/lto-wrapper
Target: x86_64-pc-linux-gnu
Configured with: /build/gcc/src/gcc/configure --prefix=/usr --libdir=/usr/lib --libexecdir=/usr/lib --mandir=/usr/share/man --infodir=/usr/share/info --with-bugurl=https://bugs.archlinux.org/ --enable-languages=c,c++,ada,fortran,go,lto,objc,obj-c++ --enable-shared --enable-threads=posix --with-system-zlib --with-isl --enable-__cxa_atexit --disable-libunwind-exceptions --enable-clocale=gnu --disable-libstdcxx-pch --disable-libssp --enable-gnu-unique-object --enable-linker-build-id --enable-lto --enable-plugin --enable-install-libiberty --with-linker-hash-style=gnu --enable-gnu-indirect-function --enable-multilib --disable-werror --enable-checking=release --enable-default-pie --enable-default-ssp --enable-cet=auto
Thread model: posix
gcc version 9.1.0 (GCC) 
configure:3379: $? = 0
configure:3368: gcc -V >&5
gcc: error: unrecognized command line option '-V'
gcc: fatal error: no input files
compilation terminated.
configure:3379: $? = 1
configure:3368: gcc -qversion >&5
gcc: error: unrecognized command line option '-qversion'; did you mean '--version'?
gcc: fatal error: no input files
compilation terminated.
configure:3379: $? = 1
configure:3399: checking whether the C compiler works
configure:3421: gcc    conftest.c  >&5
configure:3425: $? = 0
configure:3473: result: yes
configure:3476: checking for C compiler default output file name
configure:3478: result: a.out
configure:3484: checking for suffix of executables
configure:3491: gcc -o conftest    conftest.c  >&5
configure:3495: $? = 0
configure:3517: result: 
configure:3539: checking whether we are cross compiling
configure:3547: gcc -o conftest    conftest.c  >&5
configure:3551: $? = 0
configure:3558: ./conftest
configure:3562: $? = 0
configure:3550: result: no
configure:3555: checking for suffix of object files
configure:3577: gcc -c   conftest.c >&5
configure:3581: $? = 0
configure:3602: result: o
configure:3606: checking whether we are using the GNU C compiler
configure:3625: gcc -c   conftest.c >&5
configure:3625: $? = 0
configure:3634: result: yes
configure:3643: checking whether gcc accepts -g
configure:3663: gcc -c -g  conftest.c >&5
configure:3663: $? = 0
configure:3704: result: yes
configure:3721: checking for gcc option to accept ISO C89
configure:3784: gcc  -c -g -O2  conftest.c >&5
configure:3784: $? = 0
configure:3797: result: none needed
configure:3822: checking whether gcc understands -c and -o together
configure:3844: gcc -c conftest.c -o conftest2.o
configure:3847: $? = 0
configure:3844: gcc -c conftest.c -o conftest2.o
configure:3847: $? = 0
configure:3859: result: yes
configure:3887: checking for style of include used by make
configure:3915: result: GNU
configure:3941: checking dependency style of gcc
configure:4052: result: gcc3
configure:4096: checking build system type
configure:4110: result: x86_64-pc-linux-gnu
configure:4130: checking host system type
configure:4143: result: x86_64-pc-linux-gnu
configure:4184: checking how to print strings
configure:4211: result: printf
configure:4232: checking for a sed that does not truncate output
configure:4296: result: /usr/bin/sed
configure:4314: checking for grep that handles long lines and -e
configure:4372: result: /usr/bin/grep
configure:4377: checking for egrep
configure:4439: result: /usr/bin/grep -E
configure:4444: checking for fgrep
configure:4506: result: /usr/bin/grep -F
configure:4541: checking for ld used by gcc
configure:4608: result: /usr/bin/ld
configure:4615: checking if the linker (/usr/bin/ld) is GNU ld
configure:4630: result: yes
configure:4642: checking for BSD- or MS-compatible name lister (nm)
configure:4696: result: /usr/bin/nm -B
configure:4826: checking the name lister (/usr/bin/nm -B) interface
configure:4833: gcc -c -g -O2  conftest.c >&5
configure:4836: /usr/bin/nm -B "conftest.o"
configure:4839: output
0000000000000000 B some_variable
configure:4840: result: BSD nm
configure:4843: checking whether ln -s works
configure:4847: result: yes
configure:4855: checking the maximum length of command line arguments
configure:4986: result: 1572864
configure:5034: checking how to convert x86_64-pc-linux-gnu file names to x86_64-pc-linux-gnu format
configure:5074: result: func_convert_file_noop
configure:5081: checking how to convert x86_64-pc-linux-gnu file names to toolchain format
configure:5101: result: func_convert_file_noop
configure:5108: checking for /usr/bin/ld option to reload object files
configure:5115: result: -r
configure:5189: checking for objdump
configure:5205: found /usr/bin/objdump
configure:5216: result: objdump
configure:5248: checking how to recognize dependent libraries
configure:5448: result: pass_all
configure:5533: checking for dlltool
configure:5563: result: no
configure:5593: checking how to associate runtime and link libraries
configure:5620: result: printf %s\n
configure:5681: checking for ar
configure:5697: found /usr/bin/ar
configure:5708: result: ar
configure:5745: checking for archiver @FILE support
configure:5762: gcc -c -g -O2  conftest.c >&5
configure:5762: $? = 0
configure:5765: ar cru libconftest.a @conftest.lst >&5
ar: `u' modifier ignored since `D' is the default (see `U')
configure:5768: $? = 0
configure:5773: ar cru libconftest.a @conftest.lst >&5
ar: `u' modifier ignored since `D' is the default (see `U')
ar: conftest.o: No such file or directory
configure:5776: $? = 1
configure:5775: result: @
configure:5833: checking for strip
configure:5849: found /usr/bin/strip
configure:5860: result: strip
configure:5932: checking for ranlib
configure:5948: found /usr/bin/ranlib
configure:5959: result: ranlib
configure:6061: checking command to parse /usr/bin/nm -B output from gcc object
configure:6214: gcc -c -g -O2  conftest.c >&5
configure:6217: $? = 0
configure:6221: /usr/bin/nm -B conftest.o \| sed -n -e 's/^.*[ ]\([ABCDGIRSTW][ABCDGIRSTW]*\)[ ][ ]*\([_A-Za-z][_A-Za-z0-9]*\)$/\1 \2 \2/p' | sed '/ __gnu_lto/d' \> conftest.nm
configure:6224: $? = 0
configure:6290: gcc -o conftest -g -O2   conftest.c conftstm.o >&5
configure:6293: $? = 0
configure:6331: result: ok
configure:6378: checking for sysroot
configure:6408: result: no
configure:6415: checking for a working dd
configure:6453: result: /usr/bin/dd
configure:6457: checking how to truncate binary pipes
configure:6472: result: /usr/bin/dd bs=4096 count=1
configure:6608: gcc -c -g -O2  conftest.c >&5
configure:6611: $? = 0
configure:6801: checking for mt
configure:6831: result: no
configure:6851: checking if : is a manifest tool
configure:6857: : '-?'
configure:6865: result: no
configure:7542: checking how to run the C preprocessor
configure:7573: gcc -E  conftest.c
configure:7573: $? = 0
configure:7587: gcc -E  conftest.c
conftest.c:11:10: fatal error: ac_nonexistent.h: No such file or directory
   11 | #include <ac_nonexistent.h>
      |          ^~~~~~~~~~~~~~~~~~
compilation terminated.
configure:7587: $? = 1
configure: failed program was:
| /* confdefs.h */
| #define PACKAGE_NAME "libogg"
| #define PACKAGE_TARNAME "libogg"
| #define PACKAGE_VERSION "1.3.3"
| #define PACKAGE_STRING "libogg 1.3.3"
| #define PACKAGE_BUGREPORT "ogg-dev@xiph.org"
| #define PACKAGE_URL ""
| #define PACKAGE "libogg"
| #define VERSION "1.3.3"
| /* end confdefs.h.  */
| #include <ac_nonexistent.h>
configure:7612: result: gcc -E
configure:7632: gcc -E  conftest.c
configure:7632: $? = 0
configure:7646: gcc -E  conftest.c
conftest.c:11:10: fatal error: ac_nonexistent.h: No such file or directory
   11 | #include <ac_nonexistent.h>
      |          ^~~~~~~~~~~~~~~~~~
compilation terminated.
configure:7646: $? = 1
configure: failed program was:
| /* confdefs.h */
| #define PACKAGE_NAME "libogg"
| #define PACKAGE_TARNAME "libogg"
| #define PACKAGE_VERSION "1.3.3"
| #define PACKAGE_STRING "libogg 1.3.3"
| #define PACKAGE_BUGREPORT "ogg-dev@xiph.org"
| #define PACKAGE_URL ""
| #define PACKAGE "libogg"
| #define VERSION "1.3.3"
| /* end confdefs.h.  */
| #include <ac_nonexistent.h>
configure:7675: checking for ANSI C header files
configure:7695: gcc -c -g -O2  conftest.c >&5
configure:7695: $? = 0
configure:7768: gcc -o conftest -g -O2   conftest.c  >&5
configure:7768: $? = 0
configure:7768: ./conftest
configure:7768: $? = 0
configure:7779: result: yes
configure:7792: checking for sys/types.h
configure:7792: gcc -c -g -O2  conftest.c >&5
configure:7792: $? = 0
configure:7792: result: yes
configure:7792: checking for sys/stat.h
configure:7792: gcc -c -g -O2  conftest.c >&5
configure:7792: $? = 0
configure:7792: result: yes
configure:7792: checking for stdlib.h
configure:7792: gcc -c -g -O2  conftest.c >&5
configure:7792: $? = 0
configure:7792: result: yes
configure:7792: checking for string.h
configure:7792: gcc -c -g -O2  conftest.c >&5
configure:7792: $? = 0
configure:7792: result: yes
configure:7792: checking for memory.h
configure:7792: gcc -c -g -O2  conftest.c >&5
configure:7792: $? = 0
configure:7792: result: yes
configure:7792: checking for strings.h
configure:7792: gcc -c -g -O2  conftest.c >&5
configure:7792: $? = 0
configure:7792: result: yes
configure:7792: checking for inttypes.h
configure:7792: gcc -c -g -O2  conftest.c >&5
configure:7792: $? = 0
configure:7792: result: yes
configure:7792: checking for stdint.h
configure:7792: gcc -c -g -O2  conftest.c >&5
configure:7792: $? = 0
configure:7792: result: yes
configure:7792: checking for unistd.h
configure:7792: gcc -c -g -O2  conftest.c >&5
configure:7792: $? = 0
configure:7792: result: yes
configure:7806: checking for dlfcn.h
configure:7806: gcc -c -g -O2  conftest.c >&5
configure:7806: $? = 0
configure:7806: result: yes
configure:8062: checking for objdir
configure:8077: result: .libs
configure:8337: checking if gcc supports -fno-rtti -fno-exceptions
configure:8355: gcc -c -g -O2  -fno-rtti -fno-exceptions conftest.c >&5
cc1: warning: command line option '-fno-rtti' is valid for C++/D/ObjC++ but not for C
configure:8359: $? = 0
configure:8372: result: no
configure:8730: checking for gcc option to produce PIC
configure:8737: result: -fPIC -DPIC
configure:8745: checking if gcc PIC flag -fPIC -DPIC works
configure:8763: gcc -c -g -O2  -fPIC -DPIC -DPIC conftest.c >&5
configure:8767: $? = 0
configure:8780: result: yes
configure:8809: checking if gcc static flag -static works
configure:8837: result: yes
configure:8852: checking if gcc supports -c -o file.o
configure:8873: gcc -c -g -O2  -o out/conftest2.o conftest.c >&5
configure:8877: $? = 0
configure:8899: result: yes
configure:8907: checking if gcc supports -c -o file.o
configure:8954: result: yes
configure:8987: checking whether the gcc linker (/usr/bin/ld -m elf_x86_64) supports shared libraries
configure:10246: result: yes
configure:10486: checking dynamic linker characteristics
configure:11067: gcc -o conftest -g -O2   -Wl,-rpath -Wl,/foo conftest.c  >&5
configure:11067: $? = 0
configure:11307: result: GNU/Linux ld.so
configure:11429: checking how to hardcode library paths into programs
configure:11454: result: immediate
configure:12002: checking whether stripping libraries is possible
configure:12007: result: yes
configure:12042: checking if libtool supports shared libraries
configure:12044: result: yes
configure:12047: checking whether to build shared libraries
configure:12072: result: no
configure:12075: checking whether to build static libraries
configure:12079: result: yes
configure:8957: checking for ANSI C header files
configure:9061: result: yes
configure:9072: checking for inttypes.h
configure:9072: result: yes
configure:9078: checking for stdint.h
configure:9078: result: yes
configure:9084: checking for sys/types.h
configure:9084: result: yes
configure:9091: checking for an ANSI C-conforming const
configure:9157: gcc -c -O20 -Wall -ffast-math -fsigned-char -g -O2  conftest.c >&5
configure:9157: $? = 0
configure:9164: result: yes
configure:9178: checking size of int16_t
configure:9183: gcc -o conftest -O20 -Wall -ffast-math -fsigned-char -g -O2   conftest.c  >&5
configure:9183: $? = 0
configure:9183: ./conftest
configure:9183: $? = 0
configure:9197: result: 2
configure:9211: checking size of uint16_t
configure:9216: gcc -o conftest -O20 -Wall -ffast-math -fsigned-char -g -O2   conftest.c  >&5
configure:9216: $? = 0
configure:9216: ./conftest
configure:9216: $? = 0
configure:9230: result: 2
configure:9244: checking size of u_int16_t
configure:9249: gcc -o conftest -O20 -Wall -ffast-math -fsigned-char -g -O2   conftest.c  >&5
configure:9249: $? = 0
configure:9249: ./conftest
configure:9249: $? = 0
configure:9263: result: 2
configure:9277: checking size of int32_t
configure:9282: gcc -o conftest -O20 -Wall -ffast-math -fsigned-char -g -O2   conftest.c  >&5
configure:9282: $? = 0
configure:9282: ./conftest
configure:9282: $? = 0
configure:9296: result: 4
configure:9310: checking size of uint32_t
configure:9315: gcc -o conftest -O20 -Wall -ffast-math -fsigned-char -g -O2   conftest.c  >&5
configure:9315: $? = 0
configure:9315: ./conftest
configure:9315: $? = 0
configure:9329: result: 4
configure:9343: checking size of u_int32_t
configure:9348: gcc -o conftest -O20 -Wall -ffast-math -fsigned-char -g -O2   conftest.c  >&5
configure:9348: $? = 0
configure:9348: ./conftest
configure:9348: $? = 0
configure:9362: result: 4
configure:9376: checking size of int64_t
configure:9381: gcc -o conftest -O20 -Wall -ffast-math -fsigned-char -g -O2   conftest.c  >&5
configure:9381: $? = 0
configure:9381: ./conftest
configure:9381: $? = 0
configure:9395: result: 8
configure:9409: checking size of short
configure:9414: gcc -o conftest -O20 -Wall -ffast-math -fsigned-char -g -O2   conftest.c  >&5
configure:9414: $? = 0
configure:9414: ./conftest
configure:9414: $? = 0
configure:9428: result: 2
configure:9442: checking size of int
configure:9447: gcc -o conftest -O20 -Wall -ffast-math -fsigned-char -g -O2   conftest.c  >&5
configure:9447: $? = 0
configure:9447: ./conftest
configure:9447: $? = 0
configure:9461: result: 4
configure:9475: checking size of long
configure:9480: gcc -o conftest -O20 -Wall -ffast-math -fsigned-char -g -O2   conftest.c  >&5
configure:9480: $? = 0
configure:9480: ./conftest
configure:9480: $? = 0
configure:9494: result: 8
configure:9508: checking size of long long
configure:9513: gcc -o conftest -O20 -Wall -ffast-math -fsigned-char -g -O2   conftest.c  >&5
configure:9513: $? = 0
configure:9513: ./conftest
configure:9513: $? = 0
configure:9527: result: 8
configure:9590: checking for working memcmp
configure:9633: gcc -o conftest -O20 -Wall -ffast-math -fsigned-char -g -O2   conftest.c  >&5
configure:9633: $? = 0
configure:9633: ./conftest
configure:9633: $? = 0
configure:9643: result: yes
configure:9776: checking that generated files are newer than configure
configure:9782: result: done
configure:9809: creating ./config.status

## ---------------------- ##
## Running config.status. ##
## ---------------------- ##

This file was extended by libogg config.status 1.3.3, which was
generated by GNU Autoconf 2.69.  Invocation command line was

  CONFIG_FILES    = 
  CONFIG_HEADERS  = 
  CONFIG_LINKS    = 
  CONFIG_COMMANDS = 
  $ ./config.status 

on arch

config.status:1118: creating Makefile
config.status:1118: creating src/Makefile
config.status:1118: creating doc/Makefile
config.status:1118: creating doc/libogg/Makefile
config.status:1118: creating include/Makefile
config.status:1118: creating include/ogg/Makefile
config.status:1118: creating include/ogg/config_types.h
config.status:1118: creating libogg.spec
config.status:1118: creating ogg.pc
config.status:1118: creating ogg-uninstalled.pc
config.status:1118: creating config.h
config.status:1299: config.h is unchanged
config.status:1347: executing depfiles commands
config.status:1347: executing libtool commands

## ---------------- ##
## Cache variables. ##
## ---------------- ##

ac_cv_build=x86_64-pc-linux-gnu
ac_cv_c_compiler_gnu=yes
ac_cv_c_const=yes
ac_cv_env_CC_set=
ac_cv_env_CC_value=
ac_cv_env_CFLAGS_set=
ac_cv_env_CFLAGS_value=
ac_cv_env_CPPFLAGS_set=
ac_cv_env_CPPFLAGS_value=
ac_cv_env_CPP_set=
ac_cv_env_CPP_value=
ac_cv_env_LDFLAGS_set=
ac_cv_env_LDFLAGS_value=
ac_cv_env_LIBS_set=
ac_cv_env_LIBS_value=
ac_cv_env_LT_SYS_LIBRARY_PATH_set=
ac_cv_env_LT_SYS_LIBRARY_PATH_value=
ac_cv_env_build_alias_set=
ac_cv_env_build_alias_value=
ac_cv_env_host_alias_set=
ac_cv_env_host_alias_value=
ac_cv_env_target_alias_set=
ac_cv_env_target_alias_value=
ac_cv_func_memcmp_working=yes
ac_cv_header_dlfcn_h=yes
ac_cv_header_inttypes_h=yes
ac_cv_header_memory_h=yes
ac_cv_header_stdc=yes
ac_cv_header_stdint_h=yes
ac_cv_header_stdlib_h=yes
ac_cv_header_string_h=yes
ac_cv_header_strings_h=yes
ac_cv_header_sys_stat_h=yes
ac_cv_header_sys_types_h=yes
ac_cv_header_unistd_h=yes
ac_cv_host=x86_64-pc-linux-gnu
ac_cv_objext=o
ac_cv_path_EGREP='/usr/bin/grep -E'
ac_cv_path_FGREP='/usr/bin/grep -F'
ac_cv_path_GREP=/usr/bin/grep
ac_cv_path_SED=/usr/bin/sed
ac_cv_path_install='/usr/bin/install -c'
ac_cv_path_lt_DD=/usr/bin/dd
ac_cv_path_mkdir=/usr/bin/mkdir
ac_cv_prog_AWK=gawk
ac_cv_prog_CPP='gcc -E'
ac_cv_prog_ac_ct_AR=ar
ac_cv_prog_ac_ct_CC=gcc
ac_cv_prog_ac_ct_OBJDUMP=objdump
ac_cv_prog_ac_ct_RANLIB=ranlib
ac_cv_prog_ac_ct_STRIP=strip
ac_cv_prog_cc_c89=
ac_cv_prog_cc_g=yes
ac_cv_prog_make_make_set=yes
ac_cv_sizeof_int16_t=2
ac_cv_sizeof_int32_t=4
ac_cv_sizeof_int64_t=8
ac_cv_sizeof_int=4
ac_cv_sizeof_long=8
ac_cv_sizeof_long_long=8
ac_cv_sizeof_short=2
ac_cv_sizeof_u_int16_t=2
ac_cv_sizeof_u_int32_t=4
ac_cv_sizeof_uint16_t=2
ac_cv_sizeof_uint32_t=4
am_cv_CC_dependencies_compiler_type=gcc3
am_cv_make_support_nested_variables=yes
am_cv_prog_cc_c_o=yes
lt_cv_ar_at_file=@
lt_cv_deplibs_check_method=pass_all
lt_cv_file_magic_cmd='$MAGIC_CMD'
lt_cv_file_magic_test_file=
lt_cv_ld_reload_flag=-r
lt_cv_nm_interface='BSD nm'
lt_cv_objdir=.libs
lt_cv_path_LD=/usr/bin/ld
lt_cv_path_NM='/usr/bin/nm -B'
lt_cv_path_mainfest_tool=no
lt_cv_prog_compiler_c_o=yes
lt_cv_prog_compiler_pic='-fPIC -DPIC'
lt_cv_prog_compiler_pic_works=yes
lt_cv_prog_compiler_rtti_exceptions=no
lt_cv_prog_compiler_static_works=yes
lt_cv_prog_gnu_ld=yes
lt_cv_sharedlib_from_linklib_cmd='printf %s\n'
lt_cv_shlibpath_overrides_runpath=no
lt_cv_sys_global_symbol_pipe='sed -n -e '\''s/^.*[	 ]\([ABCDGIRSTW][ABCDGIRSTW]*\)[	 ][	 ]*\([_A-Za-z][_A-Za-z0-9]*\)$/\1 \2 \2/p'\'' | sed '\''/ __gnu_lto/d'\'''
lt_cv_sys_global_symbol_to_c_name_address='sed -n -e '\''s/^: \(.*\) .*$/  {"\1", (void *) 0},/p'\'' -e '\''s/^[ABCDGIRSTW][ABCDGIRSTW]* .* \(.*\)$/  {"\1", (void *) \&\1},/p'\'''
lt_cv_sys_global_symbol_to_c_name_address_lib_prefix='sed -n -e '\''s/^: \(.*\) .*$/  {"\1", (void *) 0},/p'\'' -e '\''s/^[ABCDGIRSTW][ABCDGIRSTW]* .* \(lib.*\)$/  {"\1", (void *) \&\1},/p'\'' -e '\''s/^[ABCDGIRSTW][ABCDGIRSTW]* .* \(.*\)$/  {"lib\1", (void *) \&\1},/p'\'''
lt_cv_sys_global_symbol_to_cdecl='sed -n -e '\''s/^T .* \(.*\)$/extern int \1();/p'\'' -e '\''s/^[ABCDGIRSTW][ABCDGIRSTW]* .* \(.*\)$/extern char \1;/p'\'''
lt_cv_sys_global_symbol_to_import=
lt_cv_sys_max_cmd_len=1572864
lt_cv_to_host_file_cmd=func_convert_file_noop
lt_cv_to_tool_file_cmd=func_convert_file_noop
lt_cv_truncate_bin='/usr/bin/dd bs=4096 count=1'

## ----------------- ##
## Output variables. ##
## ----------------- ##

ACLOCAL='${SHELL} /home/ian/source/CCOSS/external/linux/libogg-1.3.3/missing aclocal-1.15'
AMDEPBACKSLASH='\'
AMDEP_FALSE='#'
AMDEP_TRUE=''
AMTAR='$${TAR-tar}'
AM_BACKSLASH='\'
AM_DEFAULT_V='$(AM_DEFAULT_VERBOSITY)'
AM_DEFAULT_VERBOSITY='1'
AM_V='$(V)'
AR='ar'
AUTOCONF='${SHELL} /home/ian/source/CCOSS/external/linux/libogg-1.3.3/missing autoconf'
AUTOHEADER='${SHELL} /home/ian/source/CCOSS/external/linux/libogg-1.3.3/missing autoheader'
AUTOMAKE='${SHELL} /home/ian/source/CCOSS/external/linux/libogg-1.3.3/missing automake-1.15'
AWK='gawk'
CC='gcc'
CCDEPMODE='depmode=gcc3'
CFLAGS='-O20 -Wall -ffast-math -fsigned-char -g -O2'
CPP='gcc -E'
CPPFLAGS=''
CYGPATH_W='echo'
DEBUG='-g -Wall -fsigned-char -g -O2'
DEFS='-DHAVE_CONFIG_H'
DEPDIR='.deps'
DLLTOOL='false'
DSYMUTIL=''
DUMPBIN=''
ECHO_C=''
ECHO_N='-n'
ECHO_T=''
EGREP='/usr/bin/grep -E'
EXEEXT=''
FGREP='/usr/bin/grep -F'
GREP='/usr/bin/grep'
INCLUDE_INTTYPES_H='1'
INCLUDE_STDINT_H='1'
INCLUDE_SYS_TYPES_H='1'
INSTALL_DATA='${INSTALL} -m 644'
INSTALL_PROGRAM='${INSTALL}'
INSTALL_SCRIPT='${INSTALL}'
INSTALL_STRIP_PROGRAM='$(install_sh) -c -s'
LD='/usr/bin/ld -m elf_x86_64'
LDFLAGS=''
LIBOBJS=''
LIBS=''
LIBTOOL='$(SHELL) $(top_builddir)/libtool'
LIBTOOL_DEPS='./ltmain.sh'
LIB_AGE='8'
LIB_CURRENT='8'
LIB_REVISION='3'
LIPO=''
LN_S='ln -s'
LTLIBOBJS=''
LT_SYS_LIBRARY_PATH=''
MAINT=''
MAINTAINER_MODE_FALSE='#'
MAINTAINER_MODE_TRUE=''
MAKEINFO='${SHELL} /home/ian/source/CCOSS/external/linux/libogg-1.3.3/missing makeinfo'
MANIFEST_TOOL=':'
MKDIR_P='/usr/bin/mkdir -p'
NM='/usr/bin/nm -B'
NMEDIT=''
OBJDUMP='objdump'
OBJEXT='o'
OPT=''
OTOOL64=''
OTOOL=''
PACKAGE='libogg'
PACKAGE_BUGREPORT='ogg-dev@xiph.org'
PACKAGE_NAME='libogg'
PACKAGE_STRING='libogg 1.3.3'
PACKAGE_TARNAME='libogg'
PACKAGE_URL=''
PACKAGE_VERSION='1.3.3'
PATH_SEPARATOR=':'
PROFILE='-Wall -W -pg -g -O20 -ffast-math -fsigned-char -g -O2'
RANLIB='ranlib'
SED='/usr/bin/sed'
SET_MAKE=''
SHELL='/bin/sh'
SIZE16='int16_t'
SIZE32='int32_t'
SIZE64='int64_t'
STRIP='strip'
USIZE16='uint16_t'
USIZE32='uint32_t'
VERSION='1.3.3'
ac_ct_AR='ar'
ac_ct_CC='gcc'
ac_ct_DUMPBIN=''
am__EXEEXT_FALSE=''
am__EXEEXT_TRUE='#'
am__fastdepCC_FALSE='#'
am__fastdepCC_TRUE=''
am__include='include'
am__isrc=''
am__leading_dot='.'
am__nodep='_no'
am__quote=''
am__tar='$${TAR-tar} chof - "$$tardir"'
am__untar='$${TAR-tar} xf -'
bindir='${exec_prefix}/bin'
build='x86_64-pc-linux-gnu'
build_alias=''
build_cpu='x86_64'
build_os='linux-gnu'
build_vendor='pc'
datadir='${datarootdir}'
datarootdir='${prefix}/share'
docdir='${datarootdir}/doc/${PACKAGE_TARNAME}'
dvidir='${docdir}'
exec_prefix='${prefix}'
host='x86_64-pc-linux-gnu'
host_alias=''
host_cpu='x86_64'
host_os='linux-gnu'
host_vendor='pc'
htmldir='${docdir}'
includedir='${prefix}/include'
infodir='${datarootdir}/info'
install_sh='${SHELL} /home/ian/source/CCOSS/external/linux/libogg-1.3.3/install-sh'
libdir='${exec_prefix}/lib'
libexecdir='${exec_prefix}/libexec'
localedir='${datarootdir}/locale'
localstatedir='${prefix}/var'
mandir='${datarootdir}/man'
mkdir_p='$(MKDIR_P)'
oldincludedir='/usr/include'
pdfdir='${docdir}'
prefix='/home/ian/source/CCOSS/external/linux/libogg-1.3.3/install'
program_transform_name='s,x,x,'
psdir='${docdir}'
sbindir='${exec_prefix}/sbin'
sharedstatedir='${prefix}/com'
sysconfdir='${prefix}/etc'
target_alias=''

## ----------- ##
## confdefs.h. ##
## ----------- ##

/* confdefs.h */
#define PACKAGE_NAME "libogg"
#define PACKAGE_TARNAME "libogg"
#define PACKAGE_VERSION "1.3.3"
#define PACKAGE_STRING "libogg 1.3.3"
#define PACKAGE_BUGREPORT "ogg-dev@xiph.org"
#define PACKAGE_URL ""
#define PACKAGE "libogg"
#define VERSION "1.3.3"
#define STDC_HEADERS 1
#define HAVE_SYS_TYPES_H 1
#define HAVE_SYS_STAT_H 1
#define HAVE_STDLIB_H 1
#define HAVE_STRING_H 1
#define HAVE_MEMORY_H 1
#define HAVE_STRINGS_H 1
#define HAVE_INTTYPES_H 1
#define HAVE_STDINT_H 1
#define HAVE_UNISTD_H 1
#define HAVE_DLFCN_H 1
#define LT_OBJDIR ".libs/"
#define STDC_HEADERS 1
#define SIZEOF_INT16_T 2
#define SIZEOF_UINT16_T 2
#define SIZEOF_U_INT16_T 2
#define SIZEOF_INT32_T 4
#define SIZEOF_UINT32_T 4
#define SIZEOF_U_INT32_T 4
#define SIZEOF_INT64_T 8
#define SIZEOF_SHORT 2
#define SIZEOF_INT 4
#define SIZEOF_LONG 8
#define SIZEOF_LONG_LONG 8

configure: exit 0
