This file contains any messages produced by compilers while
running configure, to aid debugging if configure makes a mistake.

It was created by libvorbis configure 1.3.6, which was
generated by GNU Autoconf 2.69.  Invocation command line was

  $ ./configure --prefix=/home/ian/source/CCOSS/external/linux/libvorbis-1.3.6/install --enable-shared=no --with-ogg=/home/ian/source/CCOSS/external/linux/libvorbis-1.3.6/../libogg-1.3.3/install

## --------- ##
## Platform. ##
## --------- ##

hostname = arch
uname -m = x86_64
uname -r = 5.1.15-arch1-1-ARCH
uname -s = Linux
uname -v = #1 SMP PREEMPT Tue Jun 25 04:49:39 UTC 2019

/usr/bin/uname -p = unknown
/bin/uname -X     = unknown

/bin/arch              = unknown
/usr/bin/arch -k       = unknown
/usr/convex/getsysinfo = unknown
/usr/bin/hostinfo      = unknown
/bin/machine           = unknown
/usr/bin/oslevel       = unknown
/bin/universe          = unknown

PATH: /home/ian/.local/bin/luna-studio
PATH: /home/ian/.local/bin/luna-studio
PATH: /usr/local/sbin
PATH: /usr/local/bin
PATH: /usr/bin
PATH: /usr/lib/jvm/default/bin
PATH: /usr/bin/site_perl
PATH: /usr/bin/vendor_perl
PATH: /usr/bin/core_perl


## ----------- ##
## Core tests. ##
## ----------- ##

configure:2363: checking build system type
configure:2377: result: x86_64-pc-linux-gnu
configure:2397: checking host system type
configure:2410: result: x86_64-pc-linux-gnu
configure:2430: checking target system type
configure:2443: result: x86_64-pc-linux-gnu
configure:2486: checking for a BSD-compatible install
configure:2554: result: /usr/bin/install -c
configure:2565: checking whether build environment is sane
configure:2620: result: yes
configure:2769: checking for a thread-safe mkdir -p
configure:2808: result: /usr/bin/mkdir -p
configure:2815: checking for gawk
configure:2831: found /usr/bin/gawk
configure:2842: result: gawk
configure:2853: checking whether make sets $(MAKE)
configure:2875: result: yes
configure:2904: checking whether make supports nested variables
configure:2921: result: yes
configure:3048: checking whether to enable maintainer-specific portions of Makefiles
configure:3057: result: no
configure:3085: checking whether make supports nested variables
configure:3102: result: yes
configure:3187: checking for gcc
configure:3203: found /usr/bin/gcc
configure:3214: result: gcc
configure:3443: checking for C compiler version
configure:3452: gcc --version >&5
gcc (GCC) 9.1.0
Copyright (C) 2019 Free Software Foundation, Inc.
This is free software; see the source for copying conditions.  There is NO
warranty; not even for MERCHANTABILITY or FITNESS FOR A PARTICULAR PURPOSE.

configure:3463: $? = 0
configure:3452: gcc -v >&5
Using built-in specs.
COLLECT_GCC=gcc
COLLECT_LTO_WRAPPER=/usr/lib/gcc/x86_64-pc-linux-gnu/9.1.0/lto-wrapper
Target: x86_64-pc-linux-gnu
Configured with: /build/gcc/src/gcc/configure --prefix=/usr --libdir=/usr/lib --libexecdir=/usr/lib --mandir=/usr/share/man --infodir=/usr/share/info --with-bugurl=https://bugs.archlinux.org/ --enable-languages=c,c++,ada,fortran,go,lto,objc,obj-c++ --enable-shared --enable-threads=posix --with-system-zlib --with-isl --enable-__cxa_atexit --disable-libunwind-exceptions --enable-clocale=gnu --disable-libstdcxx-pch --disable-libssp --enable-gnu-unique-object --enable-linker-build-id --enable-lto --enable-plugin --enable-install-libiberty --with-linker-hash-style=gnu --enable-gnu-indirect-function --enable-multilib --disable-werror --enable-checking=release --enable-default-pie --enable-default-ssp --enable-cet=auto
Thread model: posix
gcc version 9.1.0 (GCC) 
configure:3463: $? = 0
configure:3452: gcc -V >&5
gcc: error: unrecognized command line option '-V'
gcc: fatal error: no input files
compilation terminated.
configure:3463: $? = 1
configure:3452: gcc -qversion >&5
gcc: error: unrecognized command line option '-qversion'; did you mean '--version'?
gcc: fatal error: no input files
compilation terminated.
configure:3463: $? = 1
configure:3483: checking whether the C compiler works
configure:3505: gcc -g   conftest.c  >&5
configure:3509: $? = 0
configure:3557: result: yes
configure:3560: checking for C compiler default output file name
configure:3562: result: a.out
configure:3568: checking for suffix of executables
configure:3575: gcc -o conftest -g   conftest.c  >&5
configure:3579: $? = 0
configure:3601: result: 
configure:3623: checking whether we are cross compiling
configure:3631: gcc -o conftest -g   conftest.c  >&5
configure:3635: $? = 0
configure:3642: ./conftest
configure:3646: $? = 0
configure:3634: result: no
configure:3639: checking for suffix of object files
configure:3661: gcc -c -g  conftest.c >&5
configure:3665: $? = 0
configure:3686: result: o
configure:3690: checking whether we are using the GNU C compiler
configure:3709: gcc -c -g  conftest.c >&5
configure:3709: $? = 0
configure:3718: result: yes
configure:3727: checking whether gcc accepts -g
configure:3747: gcc -c -g  conftest.c >&5
configure:3747: $? = 0
configure:3788: result: yes
configure:3805: checking for gcc option to accept ISO C89
configure:3868: gcc  -c -g  conftest.c >&5
configure:3868: $? = 0
configure:3881: result: none needed
configure:3906: checking whether gcc understands -c and -o together
configure:3928: gcc -c conftest.c -o conftest2.o
configure:3931: $? = 0
configure:3928: gcc -c conftest.c -o conftest2.o
configure:3931: $? = 0
configure:3943: result: yes
configure:3971: checking for style of include used by make
configure:3999: result: GNU
configure:4025: checking dependency style of gcc
configure:4136: result: gcc3
configure:4156: checking how to run the C preprocessor
configure:4187: gcc -E  conftest.c
configure:4187: $? = 0
configure:4201: gcc -E  conftest.c
conftest.c:11:10: fatal error: ac_nonexistent.h: No such file or directory
   11 | #include <ac_nonexistent.h>
      |          ^~~~~~~~~~~~~~~~~~
compilation terminated.
configure:4201: $? = 1
configure: failed program was:
| /* confdefs.h */
| #define PACKAGE_NAME "libvorbis"
| #define PACKAGE_TARNAME "libvorbis"
| #define PACKAGE_VERSION "1.3.6"
| #define PACKAGE_STRING "libvorbis 1.3.6"
| #define PACKAGE_BUGREPORT "vorbis-dev@xiph.org"
| #define PACKAGE_URL ""
| #define PACKAGE "libvorbis"
| #define VERSION "1.3.6"
| /* end confdefs.h.  */
| #include <ac_nonexistent.h>
configure:4226: result: gcc -E
configure:4246: gcc -E  conftest.c
configure:4246: $? = 0
configure:4260: gcc -E  conftest.c
conftest.c:11:10: fatal error: ac_nonexistent.h: No such file or directory
   11 | #include <ac_nonexistent.h>
      |          ^~~~~~~~~~~~~~~~~~
compilation terminated.
configure:4260: $? = 1
configure: failed program was:
| /* confdefs.h */
| #define PACKAGE_NAME "libvorbis"
| #define PACKAGE_TARNAME "libvorbis"
| #define PACKAGE_VERSION "1.3.6"
| #define PACKAGE_STRING "libvorbis 1.3.6"
| #define PACKAGE_BUGREPORT "vorbis-dev@xiph.org"
| #define PACKAGE_URL ""
| #define PACKAGE "libvorbis"
| #define VERSION "1.3.6"
| /* end confdefs.h.  */
| #include <ac_nonexistent.h>
configure:4291: checking for inline
configure:4307: gcc -c -g  conftest.c >&5
configure:4307: $? = 0
configure:4315: result: inline
configure:4683: checking how to print strings
configure:4710: result: printf
configure:4731: checking for a sed that does not truncate output
configure:4795: result: /usr/bin/sed
configure:4813: checking for grep that handles long lines and -e
configure:4871: result: /usr/bin/grep
configure:4876: checking for egrep
configure:4938: result: /usr/bin/grep -E
configure:4943: checking for fgrep
configure:5005: result: /usr/bin/grep -F
configure:5040: checking for ld used by gcc
configure:5107: result: /usr/bin/ld
configure:5114: checking if the linker (/usr/bin/ld) is GNU ld
configure:5129: result: yes
configure:5141: checking for BSD- or MS-compatible name lister (nm)
configure:5195: result: /usr/bin/nm -B
configure:5325: checking the name lister (/usr/bin/nm -B) interface
configure:5332: gcc -c -g  conftest.c >&5
configure:5335: /usr/bin/nm -B "conftest.o"
configure:5338: output
0000000000000000 B some_variable
configure:5339: result: BSD nm
configure:5342: checking whether ln -s works
configure:5346: result: yes
configure:5354: checking the maximum length of command line arguments
configure:5485: result: 1572864
configure:5533: checking how to convert x86_64-pc-linux-gnu file names to x86_64-pc-linux-gnu format
configure:5573: result: func_convert_file_noop
configure:5580: checking how to convert x86_64-pc-linux-gnu file names to toolchain format
configure:5600: result: func_convert_file_noop
configure:5607: checking for /usr/bin/ld option to reload object files
configure:5614: result: -r
configure:5688: checking for objdump
configure:5715: result: objdump
configure:5744: checking how to recognize dependent libraries
configure:5944: result: pass_all
configure:6029: checking for dlltool
configure:6056: result: dlltool
configure:6086: checking how to associate runtime and link libraries
configure:6113: result: printf %s\n
configure:6173: checking for ar
configure:6189: found /usr/bin/ar
configure:6200: result: ar
configure:6237: checking for archiver @FILE support
configure:6254: gcc -c -g  conftest.c >&5
configure:6254: $? = 0
configure:6257: ar cru libconftest.a @conftest.lst >&5
ar: `u' modifier ignored since `D' is the default (see `U')
configure:6260: $? = 0
configure:6265: ar cru libconftest.a @conftest.lst >&5
ar: `u' modifier ignored since `D' is the default (see `U')
ar: conftest.o: No such file or directory
configure:6268: $? = 1
configure:6267: result: @
configure:6325: checking for strip
configure:6341: found /usr/bin/strip
configure:6352: result: strip
configure:6424: checking for ranlib
configure:6440: found /usr/bin/ranlib
configure:6451: result: ranlib
configure:6553: checking command to parse /usr/bin/nm -B output from gcc object
configure:6706: gcc -c -g  conftest.c >&5
configure:6709: $? = 0
configure:6713: /usr/bin/nm -B conftest.o \| sed -n -e 's/^.*[ ]\([ABCDGIRSTW][ABCDGIRSTW]*\)[ ][ ]*\([_A-Za-z][_A-Za-z0-9]*\)$/\1 \2 \2/p' | sed '/ __gnu_lto/d' \> conftest.nm
configure:6716: $? = 0
configure:6782: gcc -o conftest -g   conftest.c conftstm.o >&5
configure:6785: $? = 0
configure:6823: result: ok
configure:6870: checking for sysroot
configure:6900: result: no
configure:6907: checking for a working dd
configure:6945: result: /usr/bin/dd
configure:6949: checking how to truncate binary pipes
configure:6964: result: /usr/bin/dd bs=4096 count=1
configure:7100: gcc -c -g  conftest.c >&5
configure:7103: $? = 0
configure:7293: checking for mt
configure:7323: result: no
configure:7343: checking if : is a manifest tool
configure:7349: : '-?'
configure:7357: result: no
configure:8030: checking for ANSI C header files
configure:8050: gcc -c -g  conftest.c >&5
configure:8050: $? = 0
configure:8123: gcc -o conftest -g   conftest.c  >&5
configure:8123: $? = 0
configure:8123: ./conftest
configure:8123: $? = 0
configure:8134: result: yes
configure:8147: checking for sys/types.h
configure:8147: gcc -c -g  conftest.c >&5
configure:8147: $? = 0
configure:8147: result: yes
configure:8147: checking for sys/stat.h
configure:8147: gcc -c -g  conftest.c >&5
configure:8147: $? = 0
configure:8147: result: yes
configure:8147: checking for stdlib.h
configure:8147: gcc -c -g  conftest.c >&5
configure:8147: $? = 0
configure:8147: result: yes
configure:8147: checking for string.h
configure:8147: gcc -c -g  conftest.c >&5
configure:8147: $? = 0
configure:8147: result: yes
configure:8147: checking for memory.h
configure:8147: gcc -c -g  conftest.c >&5
configure:8147: $? = 0
configure:8147: result: yes
configure:8147: checking for strings.h
configure:8147: gcc -c -g  conftest.c >&5
configure:8147: $? = 0
configure:8147: result: yes
configure:8147: checking for inttypes.h
configure:8147: gcc -c -g  conftest.c >&5
configure:8147: $? = 0
configure:8147: result: yes
configure:8147: checking for stdint.h
configure:8147: gcc -c -g  conftest.c >&5
configure:8147: $? = 0
configure:8147: result: yes
configure:8147: checking for unistd.h
configure:8147: gcc -c -g  conftest.c >&5
configure:8147: $? = 0
configure:8147: result: yes
configure:8161: checking for dlfcn.h
configure:8161: gcc -c -g  conftest.c >&5
configure:8161: $? = 0
configure:8161: result: yes
configure:8415: checking for objdir
configure:8430: result: .libs
configure:8694: checking if gcc supports -fno-rtti -fno-exceptions
configure:8712: gcc -c -g  -fno-rtti -fno-exceptions conftest.c >&5
cc1: warning: command line option '-fno-rtti' is valid for C++/D/ObjC++ but not for C
configure:8716: $? = 0
configure:8729: result: no
configure:9087: checking for gcc option to produce PIC
configure:9094: result: -fPIC -DPIC
configure:9102: checking if gcc PIC flag -fPIC -DPIC works
configure:9120: gcc -c -g  -fPIC -DPIC -DPIC conftest.c >&5
configure:9124: $? = 0
configure:9137: result: yes
configure:9166: checking if gcc static flag -static works
configure:9194: result: yes
configure:9209: checking if gcc supports -c -o file.o
configure:9230: gcc -c -g  -o out/conftest2.o conftest.c >&5
configure:9234: $? = 0
configure:9256: result: yes
configure:9264: checking if gcc supports -c -o file.o
configure:9311: result: yes
configure:9344: checking whether the gcc linker (/usr/bin/ld -m elf_x86_64) supports shared libraries
configure:10603: result: yes
configure:10843: checking dynamic linker characteristics
configure:11424: gcc -o conftest -g   -Wl,-rpath -Wl,/foo conftest.c  >&5
configure:11424: $? = 0
configure:11664: result: GNU/Linux ld.so
configure:11786: checking how to hardcode library paths into programs
configure:11811: result: immediate
configure:12359: checking whether stripping libraries is possible
configure:12364: result: yes
configure:12399: checking if libtool supports shared libraries
configure:12401: result: yes
configure:12404: checking whether to build shared libraries
configure:12429: result: no
configure:12432: checking whether to build static libraries
configure:12436: result: yes
configure:9466: checking GCC version
configure:9469: result: 9.1.0
configure:9610: checking if gcc accepts -Wdeclaration-after-statement
configure:9625: gcc -o conftest -O3 -Wall -Wextra -ffast-math -D_REENTRANT -fsigned-char -Wdeclaration-after-statement   conftest.c  >&5
configure:9625: $? = 0
configure:9626: result: yes
configure:9640: checking for memory.h
configure:9640: result: yes
configure:9652: checking for cos in -lm
configure:9677: gcc -o conftest -O3 -Wall -Wextra -ffast-math -D_REENTRANT -fsigned-char -Wdeclaration-after-statement -g -DUSE_MEMORY_H   conftest.c -lm   >&5
conftest.c:30:6: warning: conflicting types for built-in function 'cos'; expected 'double(double)' [-Wbuiltin-declaration-mismatch]
   30 | char cos ();
      |      ^~~
conftest.c:1:1: note: 'cos' is declared in header '<math.h>'
    1 | /* confdefs.h */
configure:9677: $? = 0
configure:9686: result: yes
configure:9694: checking for pthread_create in -lpthread
configure:9719: gcc -o conftest -O3 -Wall -Wextra -ffast-math -D_REENTRANT -fsigned-char -Wdeclaration-after-statement -g -DUSE_MEMORY_H   conftest.c -lpthread   >&5
configure:9719: $? = 0
configure:9728: result: yes
configure:9786: checking for pkg-config
configure:9804: found /usr/bin/pkg-config
configure:9816: result: /usr/bin/pkg-config
configure:9841: checking pkg-config is at least version 0.9.0
configure:9844: result: yes
configure:9859: checking for OGG
configure:9867: $PKG_CONFIG --exists --print-errors "ogg >= 1.0"
configure:9870: $? = 0
configure:9885: $PKG_CONFIG --exists --print-errors "ogg >= 1.0"
configure:9888: $? = 0
configure:9924: result: yes
configure:10107: checking for size_t
configure:10107: gcc -c -O3 -Wall -Wextra -ffast-math -D_REENTRANT -fsigned-char -Wdeclaration-after-statement -g -DUSE_MEMORY_H  conftest.c >&5
configure:10107: $? = 0
configure:10107: gcc -c -O3 -Wall -Wextra -ffast-math -D_REENTRANT -fsigned-char -Wdeclaration-after-statement -g -DUSE_MEMORY_H  conftest.c >&5
conftest.c: In function 'main':
conftest.c:59:21: error: expected expression before ')' token
   59 | if (sizeof ((size_t)))
      |                     ^
configure:10107: $? = 1
configure: failed program was:
| /* confdefs.h */
| #define PACKAGE_NAME "libvorbis"
| #define PACKAGE_TARNAME "libvorbis"
| #define PACKAGE_VERSION "1.3.6"
| #define PACKAGE_STRING "libvorbis 1.3.6"
| #define PACKAGE_BUGREPORT "vorbis-dev@xiph.org"
| #define PACKAGE_URL ""
| #define PACKAGE "libvorbis"
| #define VERSION "1.3.6"
| #define STDC_HEADERS 1
| #define HAVE_SYS_TYPES_H 1
| #define HAVE_SYS_STAT_H 1
| #define HAVE_STDLIB_H 1
| #define HAVE_STRING_H 1
| #define HAVE_MEMORY_H 1
| #define HAVE_STRINGS_H 1
| #define HAVE_INTTYPES_H 1
| #define HAVE_STDINT_H 1
| #define HAVE_UNISTD_H 1
| #define HAVE_DLFCN_H 1
| #define LT_OBJDIR ".libs/"
| /* end confdefs.h.  */
| #include <stdio.h>
| #ifdef HAVE_SYS_TYPES_H
| # include <sys/types.h>
| #endif
| #ifdef HAVE_SYS_STAT_H
| # include <sys/stat.h>
| #endif
| #ifdef STDC_HEADERS
| # include <stdlib.h>
| # include <stddef.h>
| #else
| # ifdef HAVE_STDLIB_H
| #  include <stdlib.h>
| # endif
| #endif
| #ifdef HAVE_STRING_H
| # if !defined STDC_HEADERS && defined HAVE_MEMORY_H
| #  include <memory.h>
| # endif
| # include <string.h>
| #endif
| #ifdef HAVE_STRINGS_H
| # include <strings.h>
| #endif
| #ifdef HAVE_INTTYPES_H
| # include <inttypes.h>
| #endif
| #ifdef HAVE_STDINT_H
| # include <stdint.h>
| #endif
| #ifdef HAVE_UNISTD_H
| # include <unistd.h>
| #endif
| int
| main ()
| {
| if (sizeof ((size_t)))
| 	    return 0;
|   ;
|   return 0;
| }
configure:10107: result: yes
configure:10120: checking for working alloca.h
configure:10137: gcc -o conftest -O3 -Wall -Wextra -ffast-math -D_REENTRANT -fsigned-char -Wdeclaration-after-statement -g -DUSE_MEMORY_H   conftest.c  >&5
configure:10137: $? = 0
configure:10145: result: yes
configure:10153: checking for alloca
configure:10190: gcc -o conftest -O3 -Wall -Wextra -ffast-math -D_REENTRANT -fsigned-char -Wdeclaration-after-statement -g -DUSE_MEMORY_H   conftest.c  >&5
configure:10190: $? = 0
configure:10198: result: yes
configure:10304: checking for working memcmp
configure:10347: gcc -o conftest -O3 -Wall -Wextra -ffast-math -D_REENTRANT -fsigned-char -Wdeclaration-after-statement -g -DUSE_MEMORY_H   conftest.c  >&5
configure:10347: $? = 0
configure:10347: ./conftest
configure:10347: $? = 0
configure:10357: result: yes
configure:10481: checking that generated files are newer than configure
configure:10487: result: done
configure:10526: creating ./config.status

## ---------------------- ##
## Running config.status. ##
## ---------------------- ##

This file was extended by libvorbis config.status 1.3.6, which was
generated by GNU Autoconf 2.69.  Invocation command line was

  CONFIG_FILES    = 
  CONFIG_HEADERS  = 
  CONFIG_LINKS    = 
  CONFIG_COMMANDS = 
  $ ./config.status 

on arch

config.status:1142: creating Makefile
config.status:1142: creating m4/Makefile
config.status:1142: creating lib/Makefile
config.status:1142: creating lib/modes/Makefile
config.status:1142: creating lib/books/Makefile
config.status:1142: creating lib/books/coupled/Makefile
config.status:1142: creating lib/books/uncoupled/Makefile
config.status:1142: creating lib/books/floor/Makefile
config.status:1142: creating doc/Makefile
config.status:1142: creating doc/vorbisfile/Makefile
config.status:1142: creating doc/vorbisenc/Makefile
config.status:1142: creating doc/libvorbis/Makefile
config.status:1142: creating doc/Doxyfile
config.status:1142: creating include/Makefile
config.status:1142: creating include/vorbis/Makefile
config.status:1142: creating examples/Makefile
config.status:1142: creating test/Makefile
config.status:1142: creating vq/Makefile
config.status:1142: creating libvorbis.spec
config.status:1142: creating vorbis.pc
config.status:1142: creating vorbisenc.pc
config.status:1142: creating vorbisfile.pc
config.status:1142: creating vorbis-uninstalled.pc
config.status:1142: creating vorbisenc-uninstalled.pc
config.status:1142: creating vorbisfile-uninstalled.pc
config.status:1142: creating config.h
config.status:1323: config.h is unchanged
config.status:1371: executing depfiles commands
config.status:1371: executing libtool commands

## ---------------- ##
## Cache variables. ##
## ---------------- ##

ac_cv_build=x86_64-pc-linux-gnu
ac_cv_c_compiler_gnu=yes
ac_cv_c_inline=inline
ac_cv_env_CC_set=
ac_cv_env_CC_value=
ac_cv_env_CFLAGS_set=set
ac_cv_env_CFLAGS_value=-g
ac_cv_env_CPPFLAGS_set=
ac_cv_env_CPPFLAGS_value=
ac_cv_env_CPP_set=
ac_cv_env_CPP_value=
ac_cv_env_LDFLAGS_set=
ac_cv_env_LDFLAGS_value=
ac_cv_env_LIBS_set=
ac_cv_env_LIBS_value=
ac_cv_env_LT_SYS_LIBRARY_PATH_set=
ac_cv_env_LT_SYS_LIBRARY_PATH_value=
ac_cv_env_OGG_CFLAGS_set=
ac_cv_env_OGG_CFLAGS_value=
ac_cv_env_OGG_LIBS_set=
ac_cv_env_OGG_LIBS_value=
ac_cv_env_PKG_CONFIG_set=
ac_cv_env_PKG_CONFIG_value=
ac_cv_env_build_alias_set=
ac_cv_env_build_alias_value=
ac_cv_env_host_alias_set=
ac_cv_env_host_alias_value=
ac_cv_env_target_alias_set=
ac_cv_env_target_alias_value=
ac_cv_func_alloca_works=yes
ac_cv_func_memcmp_working=yes
ac_cv_header_dlfcn_h=yes
ac_cv_header_inttypes_h=yes
ac_cv_header_memory_h=yes
ac_cv_header_stdc=yes
ac_cv_header_stdint_h=yes
ac_cv_header_stdlib_h=yes
ac_cv_header_string_h=yes
ac_cv_header_strings_h=yes
ac_cv_header_sys_stat_h=yes
ac_cv_header_sys_types_h=yes
ac_cv_header_unistd_h=yes
ac_cv_host=x86_64-pc-linux-gnu
ac_cv_lib_m_cos=yes
ac_cv_lib_pthread_pthread_create=yes
ac_cv_objext=o
ac_cv_path_EGREP='/usr/bin/grep -E'
ac_cv_path_FGREP='/usr/bin/grep -F'
ac_cv_path_GREP=/usr/bin/grep
ac_cv_path_SED=/usr/bin/sed
ac_cv_path_ac_pt_PKG_CONFIG=/usr/bin/pkg-config
ac_cv_path_install='/usr/bin/install -c'
ac_cv_path_lt_DD=/usr/bin/dd
ac_cv_path_mkdir=/usr/bin/mkdir
ac_cv_prog_AWK=gawk
ac_cv_prog_CPP='gcc -E'
ac_cv_prog_ac_ct_AR=ar
ac_cv_prog_ac_ct_CC=gcc
ac_cv_prog_ac_ct_DLLTOOL=dlltool
ac_cv_prog_ac_ct_OBJDUMP=objdump
ac_cv_prog_ac_ct_RANLIB=ranlib
ac_cv_prog_ac_ct_STRIP=strip
ac_cv_prog_cc_c89=
ac_cv_prog_cc_g=yes
ac_cv_prog_make_make_set=yes
ac_cv_target=x86_64-pc-linux-gnu
ac_cv_type_size_t=yes
ac_cv_working_alloca_h=yes
am_cv_CC_dependencies_compiler_type=gcc3
am_cv_make_support_nested_variables=yes
am_cv_prog_cc_c_o=yes
lt_cv_ar_at_file=@
lt_cv_deplibs_check_method=pass_all
lt_cv_file_magic_cmd='$MAGIC_CMD'
lt_cv_file_magic_test_file=
lt_cv_ld_reload_flag=-r
lt_cv_nm_interface='BSD nm'
lt_cv_objdir=.libs
lt_cv_path_LD=/usr/bin/ld
lt_cv_path_NM='/usr/bin/nm -B'
lt_cv_path_mainfest_tool=no
lt_cv_prog_compiler_c_o=yes
lt_cv_prog_compiler_pic='-fPIC -DPIC'
lt_cv_prog_compiler_pic_works=yes
lt_cv_prog_compiler_rtti_exceptions=no
lt_cv_prog_compiler_static_works=yes
lt_cv_prog_gnu_ld=yes
lt_cv_sharedlib_from_linklib_cmd='printf %s\n'
lt_cv_shlibpath_overrides_runpath=no
lt_cv_sys_global_symbol_pipe='sed -n -e '\''s/^.*[	 ]\([ABCDGIRSTW][ABCDGIRSTW]*\)[	 ][	 ]*\([_A-Za-z][_A-Za-z0-9]*\)$/\1 \2 \2/p'\'' | sed '\''/ __gnu_lto/d'\'''
lt_cv_sys_global_symbol_to_c_name_address='sed -n -e '\''s/^: \(.*\) .*$/  {"\1", (void *) 0},/p'\'' -e '\''s/^[ABCDGIRSTW][ABCDGIRSTW]* .* \(.*\)$/  {"\1", (void *) \&\1},/p'\'''
lt_cv_sys_global_symbol_to_c_name_address_lib_prefix='sed -n -e '\''s/^: \(.*\) .*$/  {"\1", (void *) 0},/p'\'' -e '\''s/^[ABCDGIRSTW][ABCDGIRSTW]* .* \(lib.*\)$/  {"\1", (void *) \&\1},/p'\'' -e '\''s/^[ABCDGIRSTW][ABCDGIRSTW]* .* \(.*\)$/  {"lib\1", (void *) \&\1},/p'\'''
lt_cv_sys_global_symbol_to_cdecl='sed -n -e '\''s/^T .* \(.*\)$/extern int \1();/p'\'' -e '\''s/^[ABCDGIRSTW][ABCDGIRSTW]* .* \(.*\)$/extern char \1;/p'\'''
lt_cv_sys_global_symbol_to_import=
lt_cv_sys_max_cmd_len=1572864
lt_cv_to_host_file_cmd=func_convert_file_noop
lt_cv_to_tool_file_cmd=func_convert_file_noop
lt_cv_truncate_bin='/usr/bin/dd bs=4096 count=1'
pkg_cv_OGG_CFLAGS=
pkg_cv_OGG_LIBS='-logg '

## ----------------- ##
## Output variables. ##
## ----------------- ##

ACLOCAL='${SHELL} /home/ian/source/CCOSS/external/linux/libvorbis-1.3.6/missing aclocal-1.15'
ACLOCAL_AMFLAGS='-I m4'
ALLOCA=''
AMDEPBACKSLASH='\'
AMDEP_FALSE='#'
AMDEP_TRUE=''
AMTAR='$${TAR-tar}'
AM_BACKSLASH='\'
AM_DEFAULT_V='$(AM_DEFAULT_VERBOSITY)'
AM_DEFAULT_VERBOSITY='0'
AM_V='$(V)'
AR='ar'
AS='as'
AUTOCONF='${SHELL} /home/ian/source/CCOSS/external/linux/libvorbis-1.3.6/missing autoconf'
AUTOHEADER='${SHELL} /home/ian/source/CCOSS/external/linux/libvorbis-1.3.6/missing autoheader'
AUTOMAKE='${SHELL} /home/ian/source/CCOSS/external/linux/libvorbis-1.3.6/missing automake-1.15'
AWK='gawk'
BUILD_DOCS_FALSE=''
BUILD_DOCS_TRUE='#'
BUILD_EXAMPLES_FALSE=''
BUILD_EXAMPLES_TRUE='#'
CC='gcc'
CCDEPMODE='depmode=gcc3'
CFLAGS='-O3 -Wall -Wextra -ffast-math -D_REENTRANT -fsigned-char -Wdeclaration-after-statement -g -DUSE_MEMORY_H'
CPP='gcc -E'
CPPFLAGS=''
CYGPATH_W='echo'
DEBUG='-g -Wall -Wextra -D_REENTRANT -D__NO_MATH_INLINES -fsigned-char'
DEFS='-DHAVE_CONFIG_H'
DEPDIR='.deps'
DLLTOOL='dlltool'
DSYMUTIL=''
DUMPBIN=''
ECHO_C=''
ECHO_N='-n'
ECHO_T=''
EGREP='/usr/bin/grep -E'
EXEEXT=''
FGREP='/usr/bin/grep -F'
GREP='/usr/bin/grep'
HAVE_DOXYGEN='false'
HAVE_DOXYGEN_FALSE=''
HAVE_DOXYGEN_TRUE='#'
HTLATEX=''
INSTALL_DATA='${INSTALL} -m 644'
INSTALL_PROGRAM='${INSTALL}'
INSTALL_SCRIPT='${INSTALL}'
INSTALL_STRIP_PROGRAM='$(install_sh) -c -s'
LD='/usr/bin/ld -m elf_x86_64'
LDFLAGS=''
LIBOBJS=''
LIBS=''
LIBTOOL='$(SHELL) $(top_builddir)/libtool'
LIBTOOL_DEPS='./ltmain.sh'
LIPO=''
LN_S='ln -s'
LTLIBOBJS=''
LT_SYS_LIBRARY_PATH=''
MAINT='#'
MAINTAINER_MODE_FALSE=''
MAINTAINER_MODE_TRUE='#'
MAKEINFO='${SHELL} /home/ian/source/CCOSS/external/linux/libvorbis-1.3.6/missing makeinfo'
MANIFEST_TOOL=':'
MKDIR_P='/usr/bin/mkdir -p'
NM='/usr/bin/nm -B'
NMEDIT=''
OBJDUMP='objdump'
OBJEXT='o'
OGG_CFLAGS=''
OGG_LIBS='-logg '
OTOOL64=''
OTOOL=''
PACKAGE='libvorbis'
PACKAGE_BUGREPORT='vorbis-dev@xiph.org'
PACKAGE_NAME='libvorbis'
PACKAGE_STRING='libvorbis 1.3.6'
PACKAGE_TARNAME='libvorbis'
PACKAGE_URL=''
PACKAGE_VERSION='1.3.6'
PATH_SEPARATOR=':'
PDFLATEX=''
PKG_CONFIG='/usr/bin/pkg-config'
PROFILE='-pg -g -O3 -ffast-math -D_REENTRANT -fsigned-char'
RANLIB='ranlib'
SED='/usr/bin/sed'
SET_MAKE=''
SHELL='/bin/sh'
STRIP='strip'
VERSION='1.3.6'
VE_LIB_AGE='0'
VE_LIB_CURRENT='2'
VE_LIB_REVISION='11'
VF_LIB_AGE='3'
VF_LIB_CURRENT='6'
VF_LIB_REVISION='7'
VORBIS_LIBS='-lm'
V_LIB_AGE='4'
V_LIB_CURRENT='4'
V_LIB_REVISION='8'
ac_ct_AR='ar'
ac_ct_CC='gcc'
ac_ct_DUMPBIN=''
am__EXEEXT_FALSE=''
am__EXEEXT_TRUE='#'
am__fastdepCC_FALSE='#'
am__fastdepCC_TRUE=''
am__include='include'
am__isrc=''
am__leading_dot='.'
am__nodep='_no'
am__quote=''
am__tar='$${TAR-tar} chof - "$$tardir"'
am__untar='$${TAR-tar} xf -'
bindir='${exec_prefix}/bin'
build='x86_64-pc-linux-gnu'
build_alias=''
build_cpu='x86_64'
build_os='linux-gnu'
build_vendor='pc'
datadir='${datarootdir}'
datarootdir='${prefix}/share'
docdir='${datarootdir}/doc/${PACKAGE_TARNAME}'
dvidir='${docdir}'
exec_prefix='${prefix}'
host='x86_64-pc-linux-gnu'
host_alias=''
host_cpu='x86_64'
host_os='linux-gnu'
host_vendor='pc'
htmldir='${docdir}'
includedir='${prefix}/include'
infodir='${datarootdir}/info'
install_sh='${SHELL} /home/ian/source/CCOSS/external/linux/libvorbis-1.3.6/install-sh'
libdir='${exec_prefix}/lib'
libexecdir='${exec_prefix}/libexec'
localedir='${datarootdir}/locale'
localstatedir='${prefix}/var'
mandir='${datarootdir}/man'
mkdir_p='$(MKDIR_P)'
oldincludedir='/usr/include'
pdfdir='${docdir}'
prefix='/home/ian/source/CCOSS/external/linux/libvorbis-1.3.6/install'
program_transform_name='s,x,x,'
psdir='${docdir}'
pthread_lib='-lpthread'
sbindir='${exec_prefix}/sbin'
sharedstatedir='${prefix}/com'
sysconfdir='${prefix}/etc'
target='x86_64-pc-linux-gnu'
target_alias=''
target_cpu='x86_64'
target_os='linux-gnu'
target_vendor='pc'

## ----------- ##
## confdefs.h. ##
## ----------- ##

/* confdefs.h */
#define PACKAGE_NAME "libvorbis"
#define PACKAGE_TARNAME "libvorbis"
#define PACKAGE_VERSION "1.3.6"
#define PACKAGE_STRING "libvorbis 1.3.6"
#define PACKAGE_BUGREPORT "vorbis-dev@xiph.org"
#define PACKAGE_URL ""
#define PACKAGE "libvorbis"
#define VERSION "1.3.6"
#define STDC_HEADERS 1
#define HAVE_SYS_TYPES_H 1
#define HAVE_SYS_STAT_H 1
#define HAVE_STDLIB_H 1
#define HAVE_STRING_H 1
#define HAVE_MEMORY_H 1
#define HAVE_STRINGS_H 1
#define HAVE_INTTYPES_H 1
#define HAVE_STDINT_H 1
#define HAVE_UNISTD_H 1
#define HAVE_DLFCN_H 1
#define LT_OBJDIR ".libs/"
#define HAVE_ALLOCA_H 1
#define HAVE_ALLOCA 1

configure: exit 0
